<?xml version="1.0" encoding="UTF-8"?>
<testng-results skipped="0" failed="2" ignored="0" total="10" passed="8">
  <reporter-output>
  </reporter-output>
  <suite name="Rediff Apllication suite" duration-ms="154228" started-at="2022-01-08T17:45:25 MST" finished-at="2022-01-08T17:47:59 MST">
    <groups>
    </groups>
    <test name="Reddiff ap[lication test cases" duration-ms="154228" started-at="2022-01-08T17:45:25 MST" finished-at="2022-01-08T17:47:59 MST">
      <class name="com.wbl.testcases.LoginPageTest">
        <test-method status="PASS" signature="setUp()[pri:0, instance:com.wbl.testcases.LoginPageTest@14bdbc74]" name="setUp" is-config="true" duration-ms="4793" started-at="2022-01-08T17:46:07 MST" finished-at="2022-01-08T17:46:12 MST">
          <reporter-output>
          </reporter-output>
        </test-method> <!-- setUp -->
        <test-method status="PASS" signature="loginPageTitleTest()[pri:0, instance:com.wbl.testcases.LoginPageTest@14bdbc74]" name="loginPageTitleTest" duration-ms="7" started-at="2022-01-08T17:46:12 MST" finished-at="2022-01-08T17:46:12 MST">
          <reporter-output>
          </reporter-output>
        </test-method> <!-- loginPageTitleTest -->
        <test-method status="PASS" signature="tearDown()[pri:0, instance:com.wbl.testcases.LoginPageTest@14bdbc74]" name="tearDown" is-config="true" duration-ms="682" started-at="2022-01-08T17:46:12 MST" finished-at="2022-01-08T17:46:13 MST">
          <reporter-output>
          </reporter-output>
        </test-method> <!-- tearDown -->
        <test-method status="PASS" signature="setUp()[pri:0, instance:com.wbl.testcases.LoginPageTest@14bdbc74]" name="setUp" is-config="true" duration-ms="3620" started-at="2022-01-08T17:46:13 MST" finished-at="2022-01-08T17:46:16 MST">
          <reporter-output>
          </reporter-output>
        </test-method> <!-- setUp -->
        <test-method status="PASS" signature="LoginTest()[pri:1, instance:com.wbl.testcases.LoginPageTest@14bdbc74]" name="LoginTest" duration-ms="11089" started-at="2022-01-08T17:46:16 MST" finished-at="2022-01-08T17:46:27 MST">
          <reporter-output>
          </reporter-output>
        </test-method> <!-- LoginTest -->
        <test-method status="PASS" signature="tearDown()[pri:0, instance:com.wbl.testcases.LoginPageTest@14bdbc74]" name="tearDown" is-config="true" duration-ms="689" started-at="2022-01-08T17:46:27 MST" finished-at="2022-01-08T17:46:28 MST">
          <reporter-output>
          </reporter-output>
        </test-method> <!-- tearDown -->
      </class> <!-- com.wbl.testcases.LoginPageTest -->
      <class name="com.wbl.testcases.HomePageTest">
        <test-method status="PASS" signature="setUp()[pri:0, instance:com.wbl.testcases.HomePageTest@d2de489]" name="setUp" is-config="true" duration-ms="13512" started-at="2022-01-08T17:45:25 MST" finished-at="2022-01-08T17:45:39 MST">
          <reporter-output>
          </reporter-output>
        </test-method> <!-- setUp -->
        <test-method status="PASS" signature="validateHomePageTitleTest()[pri:0, instance:com.wbl.testcases.HomePageTest@d2de489]" name="validateHomePageTitleTest" duration-ms="16" started-at="2022-01-08T17:45:39 MST" finished-at="2022-01-08T17:45:39 MST">
          <reporter-output>
          </reporter-output>
        </test-method> <!-- validateHomePageTitleTest -->
        <test-method status="PASS" signature="tearDown()[pri:0, instance:com.wbl.testcases.HomePageTest@d2de489]" name="tearDown" is-config="true" duration-ms="692" started-at="2022-01-08T17:45:39 MST" finished-at="2022-01-08T17:45:39 MST">
          <reporter-output>
          </reporter-output>
        </test-method> <!-- tearDown -->
        <test-method status="PASS" signature="setUp()[pri:0, instance:com.wbl.testcases.HomePageTest@d2de489]" name="setUp" is-config="true" duration-ms="11794" started-at="2022-01-08T17:45:39 MST" finished-at="2022-01-08T17:45:51 MST">
          <reporter-output>
          </reporter-output>
        </test-method> <!-- setUp -->
        <test-method status="PASS" signature="validateUserNameTest()[pri:1, instance:com.wbl.testcases.HomePageTest@d2de489]" name="validateUserNameTest" duration-ms="28" started-at="2022-01-08T17:45:51 MST" finished-at="2022-01-08T17:45:51 MST">
          <reporter-output>
          </reporter-output>
        </test-method> <!-- validateUserNameTest -->
        <test-method status="PASS" signature="tearDown()[pri:0, instance:com.wbl.testcases.HomePageTest@d2de489]" name="tearDown" is-config="true" duration-ms="673" started-at="2022-01-08T17:45:51 MST" finished-at="2022-01-08T17:45:52 MST">
          <reporter-output>
          </reporter-output>
        </test-method> <!-- tearDown -->
        <test-method status="PASS" signature="setUp()[pri:0, instance:com.wbl.testcases.HomePageTest@d2de489]" name="setUp" is-config="true" duration-ms="12706" started-at="2022-01-08T17:45:52 MST" finished-at="2022-01-08T17:46:04 MST">
          <reporter-output>
          </reporter-output>
        </test-method> <!-- setUp -->
        <test-method status="PASS" signature="clickOnContanctsTest()[pri:2, instance:com.wbl.testcases.HomePageTest@d2de489]" name="clickOnContanctsTest" duration-ms="2062" started-at="2022-01-08T17:46:04 MST" finished-at="2022-01-08T17:46:07 MST">
          <reporter-output>
          </reporter-output>
        </test-method> <!-- clickOnContanctsTest -->
        <test-method status="PASS" signature="tearDown()[pri:0, instance:com.wbl.testcases.HomePageTest@d2de489]" name="tearDown" is-config="true" duration-ms="722" started-at="2022-01-08T17:46:07 MST" finished-at="2022-01-08T17:46:07 MST">
          <reporter-output>
          </reporter-output>
        </test-method> <!-- tearDown -->
      </class> <!-- com.wbl.testcases.HomePageTest -->
      <class name="com.wbl.testcases.ContactspageTest">
        <test-method status="PASS" signature="setUp()[pri:0, instance:com.wbl.testcases.ContactspageTest@12591ac8]" name="setUp" is-config="true" duration-ms="14120" started-at="2022-01-08T17:46:29 MST" finished-at="2022-01-08T17:46:43 MST">
          <reporter-output>
          </reporter-output>
        </test-method> <!-- setUp -->
        <test-method status="PASS" signature="createnewContactTest(java.lang.String, java.lang.String, java.lang.String, java.lang.String)[pri:0, instance:com.wbl.testcases.ContactspageTest@12591ac8]" name="createnewContactTest" duration-ms="961" started-at="2022-01-08T17:46:43 MST" data-provider="getTestDataExcel" finished-at="2022-01-08T17:46:44 MST">
          <params>
            <param index="0">
              <value>
                <![CDATA[Sheryl tom]]>
              </value>
            </param>
            <param index="1">
              <value>
                <![CDATA[sheryl98@gmail.com]]>
              </value>
            </param>
            <param index="2">
              <value>
                <![CDATA[CU]]>
              </value>
            </param>
            <param index="3">
              <value>
                <![CDATA[personal]]>
              </value>
            </param>
          </params>
          <reporter-output>
          </reporter-output>
        </test-method> <!-- createnewContactTest -->
        <test-method status="PASS" signature="tearDown()[pri:0, instance:com.wbl.testcases.ContactspageTest@12591ac8]" name="tearDown" is-config="true" duration-ms="755" started-at="2022-01-08T17:46:44 MST" finished-at="2022-01-08T17:46:44 MST">
          <reporter-output>
          </reporter-output>
        </test-method> <!-- tearDown -->
        <test-method status="PASS" signature="setUp()[pri:0, instance:com.wbl.testcases.ContactspageTest@12591ac8]" name="setUp" is-config="true" duration-ms="12445" started-at="2022-01-08T17:46:44 MST" finished-at="2022-01-08T17:46:57 MST">
          <reporter-output>
          </reporter-output>
        </test-method> <!-- setUp -->
        <test-method status="PASS" signature="createnewContactTest(java.lang.String, java.lang.String, java.lang.String, java.lang.String)[pri:0, instance:com.wbl.testcases.ContactspageTest@12591ac8]" name="createnewContactTest" duration-ms="947" started-at="2022-01-08T17:46:57 MST" data-provider="getTestDataExcel" finished-at="2022-01-08T17:46:58 MST">
          <params>
            <param index="0">
              <value>
                <![CDATA[fathima mumthaz]]>
              </value>
            </param>
            <param index="1">
              <value>
                <![CDATA[fathimahacker@gmail.com]]>
              </value>
            </param>
            <param index="2">
              <value>
                <![CDATA[Amazon]]>
              </value>
            </param>
            <param index="3">
              <value>
                <![CDATA[office]]>
              </value>
            </param>
          </params>
          <reporter-output>
          </reporter-output>
        </test-method> <!-- createnewContactTest -->
        <test-method status="PASS" signature="tearDown()[pri:0, instance:com.wbl.testcases.ContactspageTest@12591ac8]" name="tearDown" is-config="true" duration-ms="676" started-at="2022-01-08T17:46:58 MST" finished-at="2022-01-08T17:46:58 MST">
          <reporter-output>
          </reporter-output>
        </test-method> <!-- tearDown -->
        <test-method status="PASS" signature="setUp()[pri:0, instance:com.wbl.testcases.ContactspageTest@12591ac8]" name="setUp" is-config="true" duration-ms="16823" started-at="2022-01-08T17:46:58 MST" finished-at="2022-01-08T17:47:15 MST">
          <reporter-output>
          </reporter-output>
        </test-method> <!-- setUp -->
        <test-method status="FAIL" signature="createnewContactTest(java.lang.String, java.lang.String, java.lang.String, java.lang.String)[pri:0, instance:com.wbl.testcases.ContactspageTest@12591ac8]" name="createnewContactTest" duration-ms="2409" started-at="2022-01-08T17:47:15 MST" data-provider="getTestDataExcel" finished-at="2022-01-08T17:47:18 MST">
          <params>
            <param index="0">
              <value>
                <![CDATA[sarayu kumari]]>
              </value>
            </param>
            <param index="1">
              <value>
                <![CDATA[kumarisarayu@gmail.com]]>
              </value>
            </param>
            <param index="2">
              <value>
                <![CDATA[IBM]]>
              </value>
            </param>
            <param index="3">
              <value>
                <![CDATA[school]]>
              </value>
            </param>
          </params>
          <exception class="org.openqa.selenium.ElementClickInterceptedException">
            <message>
              <![CDATA[element click intercepted: Element <div class="t_newlink button" id="save_contact">...</div> is not clickable at point (235, 192). Other element would receive the click: <div id="rdAddContactActions" class=" toplinks hide" style="display: block;">...</div>
  (Session info: chrome=96.0.4664.110)
Build info: version: '3.141.59', revision: 'e82be7d358', time: '2018-11-14T08:17:03'
System info: host: 'LAPTOP-LNB1H88U', ip: '192.168.254.97', os.name: 'Windows 10', os.arch: 'amd64', os.version: '10.0', java.version: '1.8.0_291'
Driver info: org.openqa.selenium.chrome.ChromeDriver
Capabilities {acceptInsecureCerts: false, browserName: chrome, browserVersion: 96.0.4664.110, chrome: {chromedriverVersion: 95.0.4638.17 (a9d0719444d4b..., userDataDir: C:\Users\sivaj\AppData\Loca...}, goog:chromeOptions: {debuggerAddress: localhost:50081}, javascriptEnabled: true, networkConnectionEnabled: false, pageLoadStrategy: normal, platform: WINDOWS, platformName: WINDOWS, proxy: Proxy(), setWindowRect: true, strictFileInteractability: false, timeouts: {implicit: 0, pageLoad: 300000, script: 30000}, unhandledPromptBehavior: dismiss and notify, webauthn:extension:credBlob: true, webauthn:extension:largeBlob: true, webauthn:virtualAuthenticators: true}
Session ID: 1e06feb91377e885f56aa414c89c8e70]]>
            </message>
            <full-stacktrace>
              <![CDATA[org.openqa.selenium.ElementClickInterceptedException: element click intercepted: Element <div class="t_newlink button" id="save_contact">...</div> is not clickable at point (235, 192). Other element would receive the click: <div id="rdAddContactActions" class=" toplinks hide" style="display: block;">...</div>
  (Session info: chrome=96.0.4664.110)
Build info: version: '3.141.59', revision: 'e82be7d358', time: '2018-11-14T08:17:03'
System info: host: 'LAPTOP-LNB1H88U', ip: '192.168.254.97', os.name: 'Windows 10', os.arch: 'amd64', os.version: '10.0', java.version: '1.8.0_291'
Driver info: org.openqa.selenium.chrome.ChromeDriver
Capabilities {acceptInsecureCerts: false, browserName: chrome, browserVersion: 96.0.4664.110, chrome: {chromedriverVersion: 95.0.4638.17 (a9d0719444d4b..., userDataDir: C:\Users\sivaj\AppData\Loca...}, goog:chromeOptions: {debuggerAddress: localhost:50081}, javascriptEnabled: true, networkConnectionEnabled: false, pageLoadStrategy: normal, platform: WINDOWS, platformName: WINDOWS, proxy: Proxy(), setWindowRect: true, strictFileInteractability: false, timeouts: {implicit: 0, pageLoad: 300000, script: 30000}, unhandledPromptBehavior: dismiss and notify, webauthn:extension:credBlob: true, webauthn:extension:largeBlob: true, webauthn:virtualAuthenticators: true}
Session ID: 1e06feb91377e885f56aa414c89c8e70
at sun.reflect.NativeConstructorAccessorImpl.newInstance0(Native Method)
at sun.reflect.NativeConstructorAccessorImpl.newInstance(Unknown Source)
at sun.reflect.DelegatingConstructorAccessorImpl.newInstance(Unknown Source)
at java.lang.reflect.Constructor.newInstance(Unknown Source)
at org.openqa.selenium.remote.http.W3CHttpResponseCodec.createException(W3CHttpResponseCodec.java:187)
at org.openqa.selenium.remote.http.W3CHttpResponseCodec.decode(W3CHttpResponseCodec.java:122)
at org.openqa.selenium.remote.http.W3CHttpResponseCodec.decode(W3CHttpResponseCodec.java:49)
at org.openqa.selenium.remote.HttpCommandExecutor.execute(HttpCommandExecutor.java:158)
at org.openqa.selenium.remote.service.DriverCommandExecutor.execute(DriverCommandExecutor.java:83)
at org.openqa.selenium.remote.RemoteWebDriver.execute(RemoteWebDriver.java:552)
at org.openqa.selenium.remote.RemoteWebElement.execute(RemoteWebElement.java:285)
at org.openqa.selenium.remote.RemoteWebElement.click(RemoteWebElement.java:84)
at sun.reflect.GeneratedMethodAccessor2.invoke(Unknown Source)
at sun.reflect.DelegatingMethodAccessorImpl.invoke(Unknown Source)
at java.lang.reflect.Method.invoke(Unknown Source)
at org.openqa.selenium.support.events.EventFiringWebDriver$EventFiringWebElement.lambda$new$0(EventFiringWebDriver.java:404)
at com.sun.proxy.$Proxy31.click(Unknown Source)
at org.openqa.selenium.support.events.EventFiringWebDriver$EventFiringWebElement.click(EventFiringWebDriver.java:417)
at sun.reflect.GeneratedMethodAccessor2.invoke(Unknown Source)
at sun.reflect.DelegatingMethodAccessorImpl.invoke(Unknown Source)
at java.lang.reflect.Method.invoke(Unknown Source)
at org.openqa.selenium.support.pagefactory.internal.LocatingElementHandler.invoke(LocatingElementHandler.java:51)
at com.sun.proxy.$Proxy30.click(Unknown Source)
at com.wbl.pages.ContactsPage.createnewContact(ContactsPage.java:77)
at com.wbl.testcases.ContactspageTest.createnewContactTest(ContactspageTest.java:82)
at sun.reflect.NativeMethodAccessorImpl.invoke0(Native Method)
at sun.reflect.NativeMethodAccessorImpl.invoke(Unknown Source)
at sun.reflect.DelegatingMethodAccessorImpl.invoke(Unknown Source)
at java.lang.reflect.Method.invoke(Unknown Source)
at org.testng.internal.MethodInvocationHelper.invokeMethod(MethodInvocationHelper.java:132)
at org.testng.internal.TestInvoker.invokeMethod(TestInvoker.java:599)
at org.testng.internal.TestInvoker.invokeTestMethod(TestInvoker.java:174)
at org.testng.internal.MethodRunner.runInSequence(MethodRunner.java:46)
at org.testng.internal.TestInvoker$MethodInvocationAgent.invoke(TestInvoker.java:822)
at org.testng.internal.TestInvoker.invokeTestMethods(TestInvoker.java:147)
at org.testng.internal.TestMethodWorker.invokeTestMethods(TestMethodWorker.java:146)
at org.testng.internal.TestMethodWorker.run(TestMethodWorker.java:128)
at java.util.ArrayList.forEach(Unknown Source)
at org.testng.TestRunner.privateRun(TestRunner.java:764)
at org.testng.TestRunner.run(TestRunner.java:585)
at org.testng.SuiteRunner.runTest(SuiteRunner.java:384)
at org.testng.SuiteRunner.runSequentially(SuiteRunner.java:378)
at org.testng.SuiteRunner.privateRun(SuiteRunner.java:337)
at org.testng.SuiteRunner.run(SuiteRunner.java:286)
at org.testng.SuiteRunnerWorker.runSuite(SuiteRunnerWorker.java:53)
at org.testng.SuiteRunnerWorker.run(SuiteRunnerWorker.java:96)
at org.testng.TestNG.runSuitesSequentially(TestNG.java:1218)
at org.testng.TestNG.runSuitesLocally(TestNG.java:1140)
at org.testng.TestNG.runSuites(TestNG.java:1069)
at org.testng.TestNG.run(TestNG.java:1037)
at org.testng.remote.AbstractRemoteTestNG.run(AbstractRemoteTestNG.java:115)
at org.testng.remote.RemoteTestNG.initAndRun(RemoteTestNG.java:251)
at org.testng.remote.RemoteTestNG.main(RemoteTestNG.java:77)
]]>
            </full-stacktrace>
          </exception> <!-- org.openqa.selenium.ElementClickInterceptedException -->
          <reporter-output>
          </reporter-output>
        </test-method> <!-- createnewContactTest -->
        <test-method status="PASS" signature="tearDown()[pri:0, instance:com.wbl.testcases.ContactspageTest@12591ac8]" name="tearDown" is-config="true" duration-ms="687" started-at="2022-01-08T17:47:18 MST" finished-at="2022-01-08T17:47:19 MST">
          <reporter-output>
          </reporter-output>
        </test-method> <!-- tearDown -->
        <test-method status="PASS" signature="setUp()[pri:0, instance:com.wbl.testcases.ContactspageTest@12591ac8]" name="setUp" is-config="true" duration-ms="12259" started-at="2022-01-08T17:47:19 MST" finished-at="2022-01-08T17:47:31 MST">
          <reporter-output>
          </reporter-output>
        </test-method> <!-- setUp -->
        <test-method status="PASS" signature="createnewContactTest(java.lang.String, java.lang.String, java.lang.String, java.lang.String)[pri:0, instance:com.wbl.testcases.ContactspageTest@12591ac8]" name="createnewContactTest" duration-ms="920" started-at="2022-01-08T17:47:31 MST" data-provider="getTestDataExcel" finished-at="2022-01-08T17:47:32 MST">
          <params>
            <param index="0">
              <value>
                <![CDATA[pallavi singh]]>
              </value>
            </param>
            <param index="1">
              <value>
                <![CDATA[pallavisingh@gmail.com]]>
              </value>
            </param>
            <param index="2">
              <value>
                <![CDATA[TCS]]>
              </value>
            </param>
            <param index="3">
              <value>
                <![CDATA[office]]>
              </value>
            </param>
          </params>
          <reporter-output>
          </reporter-output>
        </test-method> <!-- createnewContactTest -->
        <test-method status="PASS" signature="tearDown()[pri:0, instance:com.wbl.testcases.ContactspageTest@12591ac8]" name="tearDown" is-config="true" duration-ms="659" started-at="2022-01-08T17:47:32 MST" finished-at="2022-01-08T17:47:32 MST">
          <reporter-output>
          </reporter-output>
        </test-method> <!-- tearDown -->
        <test-method status="PASS" signature="setUp()[pri:0, instance:com.wbl.testcases.ContactspageTest@12591ac8]" name="setUp" is-config="true" duration-ms="13892" started-at="2022-01-08T17:47:32 MST" finished-at="2022-01-08T17:47:46 MST">
          <reporter-output>
          </reporter-output>
        </test-method> <!-- setUp -->
        <test-method status="FAIL" signature="selectContactTest()[pri:1, instance:com.wbl.testcases.ContactspageTest@12591ac8]" name="selectContactTest" duration-ms="11988" started-at="2022-01-08T17:47:46 MST" finished-at="2022-01-08T17:47:58 MST">
          <exception class="org.openqa.selenium.NoSuchElementException">
            <message>
              <![CDATA[no such element: Unable to locate element: {"method":"xpath","selector":"//a[text()='padm']/parent::span/parent::li/cite"}
  (Session info: chrome=96.0.4664.110)
For documentation on this error, please visit: https://www.seleniumhq.org/exceptions/no_such_element.html
Build info: version: '3.141.59', revision: 'e82be7d358', time: '2018-11-14T08:17:03'
System info: host: 'LAPTOP-LNB1H88U', ip: '192.168.254.97', os.name: 'Windows 10', os.arch: 'amd64', os.version: '10.0', java.version: '1.8.0_291'
Driver info: org.openqa.selenium.chrome.ChromeDriver
Capabilities {acceptInsecureCerts: false, browserName: chrome, browserVersion: 96.0.4664.110, chrome: {chromedriverVersion: 95.0.4638.17 (a9d0719444d4b..., userDataDir: C:\Users\sivaj\AppData\Loca...}, goog:chromeOptions: {debuggerAddress: localhost:54690}, javascriptEnabled: true, networkConnectionEnabled: false, pageLoadStrategy: normal, platform: WINDOWS, platformName: WINDOWS, proxy: Proxy(), setWindowRect: true, strictFileInteractability: false, timeouts: {implicit: 0, pageLoad: 300000, script: 30000}, unhandledPromptBehavior: dismiss and notify, webauthn:extension:credBlob: true, webauthn:extension:largeBlob: true, webauthn:virtualAuthenticators: true}
Session ID: 321fdc23fae811f4c5df8fb1c8e06935
*** Element info: {Using=xpath, value=//a[text()='padm']/parent::span/parent::li/cite}]]>
            </message>
            <full-stacktrace>
              <![CDATA[org.openqa.selenium.NoSuchElementException: no such element: Unable to locate element: {"method":"xpath","selector":"//a[text()='padm']/parent::span/parent::li/cite"}
  (Session info: chrome=96.0.4664.110)
For documentation on this error, please visit: https://www.seleniumhq.org/exceptions/no_such_element.html
Build info: version: '3.141.59', revision: 'e82be7d358', time: '2018-11-14T08:17:03'
System info: host: 'LAPTOP-LNB1H88U', ip: '192.168.254.97', os.name: 'Windows 10', os.arch: 'amd64', os.version: '10.0', java.version: '1.8.0_291'
Driver info: org.openqa.selenium.chrome.ChromeDriver
Capabilities {acceptInsecureCerts: false, browserName: chrome, browserVersion: 96.0.4664.110, chrome: {chromedriverVersion: 95.0.4638.17 (a9d0719444d4b..., userDataDir: C:\Users\sivaj\AppData\Loca...}, goog:chromeOptions: {debuggerAddress: localhost:54690}, javascriptEnabled: true, networkConnectionEnabled: false, pageLoadStrategy: normal, platform: WINDOWS, platformName: WINDOWS, proxy: Proxy(), setWindowRect: true, strictFileInteractability: false, timeouts: {implicit: 0, pageLoad: 300000, script: 30000}, unhandledPromptBehavior: dismiss and notify, webauthn:extension:credBlob: true, webauthn:extension:largeBlob: true, webauthn:virtualAuthenticators: true}
Session ID: 321fdc23fae811f4c5df8fb1c8e06935
*** Element info: {Using=xpath, value=//a[text()='padm']/parent::span/parent::li/cite}
at sun.reflect.NativeConstructorAccessorImpl.newInstance0(Native Method)
at sun.reflect.NativeConstructorAccessorImpl.newInstance(Unknown Source)
at sun.reflect.DelegatingConstructorAccessorImpl.newInstance(Unknown Source)
at java.lang.reflect.Constructor.newInstance(Unknown Source)
at org.openqa.selenium.remote.http.W3CHttpResponseCodec.createException(W3CHttpResponseCodec.java:187)
at org.openqa.selenium.remote.http.W3CHttpResponseCodec.decode(W3CHttpResponseCodec.java:122)
at org.openqa.selenium.remote.http.W3CHttpResponseCodec.decode(W3CHttpResponseCodec.java:49)
at org.openqa.selenium.remote.HttpCommandExecutor.execute(HttpCommandExecutor.java:158)
at org.openqa.selenium.remote.service.DriverCommandExecutor.execute(DriverCommandExecutor.java:83)
at org.openqa.selenium.remote.RemoteWebDriver.execute(RemoteWebDriver.java:552)
at org.openqa.selenium.remote.RemoteWebDriver.findElement(RemoteWebDriver.java:323)
at org.openqa.selenium.remote.RemoteWebDriver.findElementByXPath(RemoteWebDriver.java:428)
at org.openqa.selenium.By$ByXPath.findElement(By.java:353)
at org.openqa.selenium.remote.RemoteWebDriver.findElement(RemoteWebDriver.java:315)
at sun.reflect.GeneratedMethodAccessor4.invoke(Unknown Source)
at sun.reflect.DelegatingMethodAccessorImpl.invoke(Unknown Source)
at java.lang.reflect.Method.invoke(Unknown Source)
at org.openqa.selenium.support.events.EventFiringWebDriver.lambda$new$1(EventFiringWebDriver.java:105)
at com.sun.proxy.$Proxy27.findElement(Unknown Source)
at org.openqa.selenium.support.events.EventFiringWebDriver.findElement(EventFiringWebDriver.java:194)
at com.wbl.pages.ContactsPage.selectContact(ContactsPage.java:84)
at com.wbl.testcases.ContactspageTest.selectContactTest(ContactspageTest.java:91)
at sun.reflect.NativeMethodAccessorImpl.invoke0(Native Method)
at sun.reflect.NativeMethodAccessorImpl.invoke(Unknown Source)
at sun.reflect.DelegatingMethodAccessorImpl.invoke(Unknown Source)
at java.lang.reflect.Method.invoke(Unknown Source)
at org.testng.internal.MethodInvocationHelper.invokeMethod(MethodInvocationHelper.java:132)
at org.testng.internal.TestInvoker.invokeMethod(TestInvoker.java:599)
at org.testng.internal.TestInvoker.invokeTestMethod(TestInvoker.java:174)
at org.testng.internal.MethodRunner.runInSequence(MethodRunner.java:46)
at org.testng.internal.TestInvoker$MethodInvocationAgent.invoke(TestInvoker.java:822)
at org.testng.internal.TestInvoker.invokeTestMethods(TestInvoker.java:147)
at org.testng.internal.TestMethodWorker.invokeTestMethods(TestMethodWorker.java:146)
at org.testng.internal.TestMethodWorker.run(TestMethodWorker.java:128)
at java.util.ArrayList.forEach(Unknown Source)
at org.testng.TestRunner.privateRun(TestRunner.java:764)
at org.testng.TestRunner.run(TestRunner.java:585)
at org.testng.SuiteRunner.runTest(SuiteRunner.java:384)
at org.testng.SuiteRunner.runSequentially(SuiteRunner.java:378)
at org.testng.SuiteRunner.privateRun(SuiteRunner.java:337)
at org.testng.SuiteRunner.run(SuiteRunner.java:286)
at org.testng.SuiteRunnerWorker.runSuite(SuiteRunnerWorker.java:53)
at org.testng.SuiteRunnerWorker.run(SuiteRunnerWorker.java:96)
at org.testng.TestNG.runSuitesSequentially(TestNG.java:1218)
at org.testng.TestNG.runSuitesLocally(TestNG.java:1140)
at org.testng.TestNG.runSuites(TestNG.java:1069)
at org.testng.TestNG.run(TestNG.java:1037)
at org.testng.remote.AbstractRemoteTestNG.run(AbstractRemoteTestNG.java:115)
at org.testng.remote.RemoteTestNG.initAndRun(RemoteTestNG.java:251)
at org.testng.remote.RemoteTestNG.main(RemoteTestNG.java:77)
]]>
            </full-stacktrace>
          </exception> <!-- org.openqa.selenium.NoSuchElementException -->
          <reporter-output>
          </reporter-output>
        </test-method> <!-- selectContactTest -->
        <test-method status="PASS" signature="tearDown()[pri:0, instance:com.wbl.testcases.ContactspageTest@12591ac8]" name="tearDown" is-config="true" duration-ms="665" started-at="2022-01-08T17:47:59 MST" finished-at="2022-01-08T17:47:59 MST">
          <reporter-output>
          </reporter-output>
        </test-method> <!-- tearDown -->
      </class> <!-- com.wbl.testcases.ContactspageTest -->
    </test> <!-- Reddiff ap[lication test cases -->
  </suite> <!-- Rediff Apllication suite -->
</testng-results>
